2025-07-12 18:46:02,921 - INFO - 开始读取HTML文件: playlist.html
2025-07-12 18:46:02,926 - INFO - 开始解析歌曲信息...
2025-07-12 18:46:02,984 - INFO - 共找到 1000 首歌曲
2025-07-12 18:46:02,984 - INFO - 开始获取艺人信息...
2025-07-12 18:46:03,123 - WARNING - 歌曲ID 31814248 未找到信息 (尝试 1/5)
2025-07-12 18:46:03,489 - WARNING - 歌曲ID 30512731 未找到信息 (尝试 1/5)
2025-07-12 18:46:03,555 - WARNING - 歌曲ID 31152371 未找到信息 (尝试 1/5)
2025-07-12 18:46:03,801 - WARNING - 歌曲ID 400690439 未找到信息 (尝试 1/5)
2025-07-12 18:46:04,213 - WARNING - 歌曲ID 403012338 未找到信息 (尝试 1/5)
2025-07-12 18:46:04,688 - WARNING - 歌曲ID 36587473 未找到信息 (尝试 1/5)
2025-07-12 18:46:05,073 - WARNING - 歌曲ID 32574830 未找到信息 (尝试 1/5)
2025-07-12 18:46:05,383 - WARNING - 歌曲ID 41672675 未找到信息 (尝试 1/5)
2025-07-12 18:46:05,450 - WARNING - 歌曲ID 36496246 未找到信息 (尝试 1/5)
2025-07-12 18:46:05,506 - WARNING - 歌曲ID 36270565 未找到信息 (尝试 1/5)
2025-07-12 18:46:05,667 - WARNING - 歌曲ID 33419552 未找到信息 (尝试 1/5)
2025-07-12 18:46:05,730 - WARNING - 歌曲ID 36095158 未找到信息 (尝试 1/5)
2025-07-12 18:46:05,882 - WARNING - 歌曲ID 35920249 未找到信息 (尝试 1/5)
2025-07-12 18:46:05,957 - WARNING - 歌曲ID 41630148 未找到信息 (尝试 1/5)
2025-07-12 18:46:06,098 - WARNING - 歌曲ID 37988022 未找到信息 (尝试 1/5)
2025-07-12 18:46:06,155 - WARNING - 歌曲ID 37955156 未找到信息 (尝试 1/5)
2025-07-12 18:46:06,386 - WARNING - 歌曲ID 39224445 未找到信息 (尝试 1/5)
2025-07-12 18:46:06,556 - WARNING - 歌曲ID 36103575 未找到信息 (尝试 1/5)
2025-07-12 18:46:07,481 - WARNING - 歌曲ID 403012606 未找到信息 (尝试 1/5)
2025-07-12 18:46:07,629 - WARNING - 歌曲ID 28493040 未找到信息 (尝试 1/5)
2025-07-12 18:46:07,687 - WARNING - 歌曲ID 403012334 未找到信息 (尝试 1/5)
2025-07-12 18:46:08,065 - WARNING - 歌曲ID 36095094 未找到信息 (尝试 1/5)
2025-07-12 18:46:08,283 - WARNING - 歌曲ID 36190117 未找到信息 (尝试 1/5)
2025-07-12 18:46:08,348 - WARNING - 歌曲ID 38392599 未找到信息 (尝试 1/5)
2025-07-12 18:46:08,413 - WARNING - 歌曲ID 41416554 未找到信息 (尝试 1/5)
2025-07-12 18:46:08,470 - WARNING - 歌曲ID 35956770 未找到信息 (尝试 1/5)
2025-07-12 18:46:08,551 - WARNING - 歌曲ID 35497892 未找到信息 (尝试 1/5)
2025-07-12 18:46:09,423 - WARNING - 歌曲ID 32574124 未找到信息 (尝试 1/5)
2025-07-12 18:46:09,479 - WARNING - 歌曲ID 32717866 未找到信息 (尝试 1/5)
2025-07-12 18:46:09,923 - WARNING - 歌曲ID 37853754 未找到信息 (尝试 1/5)
2025-07-12 18:46:10,556 - WARNING - 歌曲ID 34723620 未找到信息 (尝试 1/5)
2025-07-12 18:46:10,613 - WARNING - 歌曲ID 33255795 未找到信息 (尝试 1/5)
2025-07-12 18:46:11,747 - WARNING - 歌曲ID 411907267 未找到信息 (尝试 1/5)
2025-07-12 18:46:11,804 - WARNING - 歌曲ID 412175408 未找到信息 (尝试 1/5)
2025-07-12 18:46:11,928 - WARNING - 歌曲ID 30431672 未找到信息 (尝试 1/5)
2025-07-12 18:46:12,105 - WARNING - 歌曲ID 407459144 未找到信息 (尝试 1/5)
2025-07-12 18:46:12,185 - WARNING - 歌曲ID 411921342 未找到信息 (尝试 1/5)
2025-07-12 18:46:12,726 - WARNING - 歌曲ID 410518583 未找到信息 (尝试 1/5)
2025-07-12 18:46:13,219 - WARNING - 歌曲ID 30951467 未找到信息 (尝试 1/5)
2025-07-12 18:46:13,834 - WARNING - 歌曲ID 409647524 未找到信息 (尝试 1/5)
2025-07-12 18:46:14,043 - WARNING - 歌曲ID 410802806 未找到信息 (尝试 1/5)
2025-07-12 18:46:14,104 - WARNING - 歌曲ID 34723926 未找到信息 (尝试 1/5)
2025-07-12 18:46:14,168 - WARNING - 歌曲ID 407459174 未找到信息 (尝试 1/5)
2025-07-12 18:46:14,302 - WARNING - 歌曲ID 31452405 未找到信息 (尝试 1/5)
2025-07-12 18:46:14,605 - WARNING - 歌曲ID 406330097 未找到信息 (尝试 1/5)
2025-07-12 18:46:15,279 - WARNING - 歌曲ID 37955154 未找到信息 (尝试 1/5)
2025-07-12 18:46:16,024 - WARNING - 歌曲ID 38019009 未找到信息 (尝试 1/5)
2025-07-12 18:46:16,242 - WARNING - 歌曲ID 406737301 未找到信息 (尝试 1/5)
2025-07-12 18:46:16,541 - WARNING - 歌曲ID 31654299 未找到信息 (尝试 1/5)
2025-07-12 18:46:16,599 - WARNING - 歌曲ID 403136280 未找到信息 (尝试 1/5)
2025-07-12 18:46:16,655 - WARNING - 歌曲ID 39443390 未找到信息 (尝试 1/5)
2025-07-12 18:46:16,714 - WARNING - 歌曲ID 33166711 未找到信息 (尝试 1/5)
2025-07-12 18:46:16,780 - WARNING - 歌曲ID 36271387 未找到信息 (尝试 1/5)
2025-07-12 18:46:17,003 - WARNING - 歌曲ID 405372753 未找到信息 (尝试 1/5)
2025-07-12 18:46:17,079 - WARNING - 歌曲ID 406346986 未找到信息 (尝试 1/5)
2025-07-12 18:46:17,136 - WARNING - 歌曲ID 406347929 未找到信息 (尝试 1/5)
2025-07-12 18:46:17,283 - WARNING - 歌曲ID 38019790 未找到信息 (尝试 1/5)
2025-07-12 18:46:17,554 - WARNING - 歌曲ID 403012383 未找到信息 (尝试 1/5)
2025-07-12 18:46:17,611 - WARNING - 歌曲ID 406086015 未找到信息 (尝试 1/5)
2025-07-12 18:46:18,444 - WARNING - 歌曲ID 1388165536 未找到信息 (尝试 1/5)
2025-07-12 18:46:18,500 - WARNING - 歌曲ID 1419442657 未找到信息 (尝试 1/5)
2025-07-12 18:46:18,868 - WARNING - 歌曲ID 427373450 未找到信息 (尝试 1/5)
2025-07-12 18:46:18,925 - WARNING - 歌曲ID 410518497 未找到信息 (尝试 1/5)
2025-07-12 18:46:19,078 - WARNING - 歌曲ID 1342052837 未找到信息 (尝试 1/5)
2025-07-12 18:46:19,135 - WARNING - 歌曲ID 447076169 未找到信息 (尝试 1/5)
2025-07-12 18:46:19,208 - WARNING - 歌曲ID 1416675107 未找到信息 (尝试 1/5)
2025-07-12 18:46:19,265 - WARNING - 歌曲ID 1416675104 未找到信息 (尝试 1/5)
2025-07-12 18:46:19,344 - WARNING - 歌曲ID 1416675100 未找到信息 (尝试 1/5)
2025-07-12 18:46:19,631 - WARNING - 歌曲ID 1388845089 未找到信息 (尝试 1/5)
2025-07-12 18:46:19,688 - WARNING - 歌曲ID 424477862 未找到信息 (尝试 1/5)
2025-07-12 18:46:20,271 - WARNING - 歌曲ID 553815184 未找到信息 (尝试 1/5)
2025-07-12 18:46:20,487 - WARNING - 歌曲ID 1415736301 未找到信息 (尝试 1/5)
2025-07-12 18:46:20,789 - WARNING - 歌曲ID 1418381609 未找到信息 (尝试 1/5)
2025-07-12 18:46:20,855 - WARNING - 歌曲ID 1403700764 未找到信息 (尝试 1/5)
2025-07-12 18:46:21,002 - WARNING - 歌曲ID 1400369392 未找到信息 (尝试 1/5)
2025-07-12 18:46:21,144 - WARNING - 歌曲ID 1401179677 未找到信息 (尝试 1/5)
2025-07-12 18:46:21,459 - WARNING - 歌曲ID 1396158062 未找到信息 (尝试 1/5)
2025-07-12 18:46:21,739 - WARNING - 歌曲ID 1336856743 未找到信息 (尝试 1/5)
2025-07-12 18:46:21,794 - WARNING - 歌曲ID 453492007 未找到信息 (尝试 1/5)
2025-07-12 18:46:22,076 - WARNING - 歌曲ID 1387849025 未找到信息 (尝试 1/5)
2025-07-12 18:46:22,133 - WARNING - 歌曲ID 1388969113 未找到信息 (尝试 1/5)
2025-07-12 18:46:22,654 - WARNING - 歌曲ID 33035609 未找到信息 (尝试 1/5)
2025-07-12 18:46:22,716 - WARNING - 歌曲ID 519935056 未找到信息 (尝试 1/5)
2025-07-12 18:46:23,028 - WARNING - 歌曲ID 33875938 未找到信息 (尝试 1/5)
2025-07-12 18:46:23,169 - WARNING - 歌曲ID 31452306 未找到信息 (尝试 1/5)
2025-07-12 18:46:23,509 - WARNING - 歌曲ID 1309792971 未找到信息 (尝试 1/5)
2025-07-12 18:46:23,702 - WARNING - 歌曲ID 573495647 未找到信息 (尝试 1/5)
2025-07-12 18:46:23,832 - WARNING - 歌曲ID 27630190 未找到信息 (尝试 1/5)
2025-07-12 18:46:23,911 - WARNING - 歌曲ID 29600426 未找到信息 (尝试 1/5)
2025-07-12 18:46:24,063 - WARNING - 歌曲ID 414979630 未找到信息 (尝试 1/5)
2025-07-12 18:46:24,119 - WARNING - 歌曲ID 447281380 未找到信息 (尝试 1/5)
2025-07-12 18:46:24,189 - WARNING - 歌曲ID 32823984 未找到信息 (尝试 1/5)
2025-07-12 18:46:24,246 - WARNING - 歌曲ID 32737396 未找到信息 (尝试 1/5)
2025-07-12 18:46:24,782 - WARNING - 歌曲ID 458725357 未找到信息 (尝试 1/5)
2025-07-12 18:46:24,842 - WARNING - 歌曲ID 27525653 未找到信息 (尝试 1/5)
2025-07-12 18:46:24,901 - WARNING - 歌曲ID 27910126 未找到信息 (尝试 1/5)
2025-07-12 18:46:25,043 - WARNING - 歌曲ID 424264259 未找到信息 (尝试 1/5)
2025-07-12 18:46:25,584 - WARNING - 歌曲ID 471385192 未找到信息 (尝试 1/5)
2025-07-12 18:46:25,638 - WARNING - 歌曲ID 464188014 未找到信息 (尝试 1/5)
2025-07-12 18:46:25,955 - WARNING - 歌曲ID 458231706 未找到信息 (尝试 1/5)
2025-07-12 18:46:26,163 - WARNING - 歌曲ID 463842441 未找到信息 (尝试 1/5)
2025-07-12 18:46:26,310 - WARNING - 歌曲ID 491294467 未找到信息 (尝试 1/5)
2025-07-12 18:46:26,365 - WARNING - 歌曲ID 480411055 未找到信息 (尝试 1/5)
2025-07-12 18:46:26,650 - WARNING - 歌曲ID 1462851916 未找到信息 (尝试 1/5)
2025-07-12 18:46:26,708 - WARNING - 歌曲ID 535685788 未找到信息 (尝试 1/5)
2025-07-12 18:46:27,681 - WARNING - 歌曲ID 1460725267 未找到信息 (尝试 1/5)
2025-07-12 18:46:27,980 - WARNING - 歌曲ID 29816723 未找到信息 (尝试 1/5)
2025-07-12 18:46:28,036 - WARNING - 歌曲ID 1398699606 未找到信息 (尝试 1/5)
2025-07-12 18:46:28,117 - WARNING - 歌曲ID 1457720137 未找到信息 (尝试 1/5)
2025-07-12 18:46:28,173 - WARNING - 歌曲ID 1458539060 未找到信息 (尝试 1/5)
2025-07-12 18:46:28,301 - WARNING - 歌曲ID 1456102972 未找到信息 (尝试 1/5)
2025-07-12 18:46:28,573 - WARNING - 歌曲ID 1455394936 未找到信息 (尝试 1/5)
2025-07-12 18:46:29,050 - WARNING - 歌曲ID 1449686323 未找到信息 (尝试 1/5)
2025-07-12 18:46:29,194 - WARNING - 歌曲ID 1450025636 未找到信息 (尝试 1/5)
2025-07-12 18:46:29,266 - WARNING - 歌曲ID 39443010 未找到信息 (尝试 1/5)
2025-07-12 18:46:29,397 - WARNING - 歌曲ID 417859684 未找到信息 (尝试 1/5)
2025-07-12 18:46:29,526 - WARNING - 歌曲ID 1361723091 未找到信息 (尝试 1/5)
2025-07-12 18:46:30,000 - WARNING - 歌曲ID 528273689 未找到信息 (尝试 1/5)
2025-07-12 18:46:30,202 - WARNING - 歌曲ID 426026431 未找到信息 (尝试 1/5)
2025-07-12 18:46:30,505 - WARNING - 歌曲ID 1418253725 未找到信息 (尝试 1/5)
2025-07-12 18:46:30,728 - WARNING - 歌曲ID 410628538 未找到信息 (尝试 1/5)
2025-07-12 18:46:30,853 - WARNING - 歌曲ID 1438364281 未找到信息 (尝试 1/5)
2025-07-12 18:46:31,055 - WARNING - 歌曲ID 1363814897 未找到信息 (尝试 1/5)
2025-07-12 18:46:31,610 - WARNING - 歌曲ID 1369404655 未找到信息 (尝试 1/5)
2025-07-12 18:46:31,751 - WARNING - 歌曲ID 1424678018 未找到信息 (尝试 1/5)
2025-07-12 18:46:31,807 - WARNING - 歌曲ID 1424249835 未找到信息 (尝试 1/5)
2025-07-12 18:46:31,937 - WARNING - 歌曲ID 1429601885 未找到信息 (尝试 1/5)
2025-07-12 18:46:32,517 - WARNING - 歌曲ID 1420948750 未找到信息 (尝试 1/5)
2025-07-12 18:46:32,574 - WARNING - 歌曲ID 409931674 未找到信息 (尝试 1/5)
2025-07-12 18:46:32,634 - WARNING - 歌曲ID 1424216182 未找到信息 (尝试 1/5)
2025-07-12 18:46:32,702 - WARNING - 歌曲ID 1416398126 未找到信息 (尝试 1/5)
2025-07-12 18:46:33,146 - WARNING - 歌曲ID 520461831 未找到信息 (尝试 1/5)
2025-07-12 18:46:33,562 - WARNING - 歌曲ID 1340087394 未找到信息 (尝试 1/5)
2025-07-12 18:46:33,689 - WARNING - 歌曲ID 546724457 未找到信息 (尝试 1/5)
2025-07-12 18:46:33,961 - WARNING - 歌曲ID 505820217 未找到信息 (尝试 1/5)
2025-07-12 18:46:34,018 - WARNING - 歌曲ID 1381054826 未找到信息 (尝试 1/5)
2025-07-12 18:46:34,208 - WARNING - 歌曲ID 29808749 未找到信息 (尝试 1/5)
2025-07-12 18:46:34,681 - WARNING - 歌曲ID 1366098786 未找到信息 (尝试 1/5)
2025-07-12 18:46:35,086 - WARNING - 歌曲ID 1343088903 未找到信息 (尝试 1/5)
2025-07-12 18:46:35,647 - WARNING - 歌曲ID 517566080 未找到信息 (尝试 1/5)
2025-07-12 18:46:35,886 - WARNING - 歌曲ID 1359719100 未找到信息 (尝试 1/5)
2025-07-12 18:46:36,153 - WARNING - 歌曲ID 550137229 未找到信息 (尝试 1/5)
2025-07-12 18:46:36,326 - WARNING - 歌曲ID 1297747560 未找到信息 (尝试 1/5)
2025-07-12 18:46:36,468 - WARNING - 歌曲ID 493042529 未找到信息 (尝试 1/5)
2025-07-12 18:46:36,701 - WARNING - 歌曲ID 1317457541 未找到信息 (尝试 1/5)
2025-07-12 18:46:36,757 - WARNING - 歌曲ID 865451337 未找到信息 (尝试 1/5)
2025-07-12 18:46:36,946 - WARNING - 歌曲ID 501220696 未找到信息 (尝试 1/5)
2025-07-12 18:46:37,226 - WARNING - 歌曲ID 33111560 未找到信息 (尝试 1/5)
2025-07-12 18:46:37,678 - WARNING - 歌曲ID 438904025 未找到信息 (尝试 1/5)
2025-07-12 18:46:37,892 - WARNING - 歌曲ID 473742434 未找到信息 (尝试 1/5)
2025-07-12 18:46:37,947 - WARNING - 歌曲ID 27903692 未找到信息 (尝试 1/5)
2025-07-12 18:46:38,230 - WARNING - 歌曲ID 28723886 未找到信息 (尝试 1/5)
2025-07-12 18:46:38,359 - WARNING - 歌曲ID 26486731 未找到信息 (尝试 1/5)
2025-07-12 18:46:38,699 - WARNING - 歌曲ID 400581350 未找到信息 (尝试 1/5)
2025-07-12 18:46:39,007 - WARNING - 歌曲ID 26278742 未找到信息 (尝试 1/5)
2025-07-12 18:46:39,067 - WARNING - 歌曲ID 422419111 未找到信息 (尝试 1/5)
2025-07-12 18:46:39,263 - WARNING - 歌曲ID 38019092 未找到信息 (尝试 1/5)
2025-07-12 18:46:39,412 - WARNING - 歌曲ID 26250196 未找到信息 (尝试 1/5)
2025-07-12 18:46:40,284 - WARNING - 歌曲ID 1347227961 未找到信息 (尝试 1/5)
2025-07-12 18:46:40,342 - WARNING - 歌曲ID 1304848496 未找到信息 (尝试 1/5)
2025-07-12 18:46:40,643 - WARNING - 歌曲ID 1437148285 未找到信息 (尝试 1/5)
2025-07-12 18:46:40,914 - WARNING - 歌曲ID 1382939632 未找到信息 (尝试 1/5)
2025-07-12 18:46:41,566 - WARNING - 歌曲ID 1472125086 未找到信息 (尝试 1/5)
2025-07-12 18:46:42,022 - WARNING - 歌曲ID 431080887 未找到信息 (尝试 1/5)
2025-07-12 18:46:42,295 - WARNING - 歌曲ID 1448600058 未找到信息 (尝试 1/5)
2025-07-12 18:46:42,567 - WARNING - 歌曲ID 1341503663 未找到信息 (尝试 1/5)
2025-07-12 18:46:42,698 - WARNING - 歌曲ID 1409691739 未找到信息 (尝试 1/5)
2025-07-12 18:46:43,008 - WARNING - 歌曲ID 1450512377 未找到信息 (尝试 1/5)
2025-07-12 18:46:43,442 - WARNING - 歌曲ID 1302455859 未找到信息 (尝试 1/5)
2025-07-12 18:46:43,498 - WARNING - 歌曲ID 1439312640 未找到信息 (尝试 1/5)
2025-07-12 18:46:43,809 - WARNING - 歌曲ID 1430181278 未找到信息 (尝试 1/5)
2025-07-12 18:46:43,983 - WARNING - 歌曲ID 1384496797 未找到信息 (尝试 1/5)
2025-07-12 18:46:44,041 - WARNING - 歌曲ID 1433425151 未找到信息 (尝试 1/5)
2025-07-12 18:46:44,771 - WARNING - 歌曲ID 30780479 未找到信息 (尝试 1/5)
2025-07-12 18:46:44,987 - WARNING - 歌曲ID 1310024267 未找到信息 (尝试 1/5)
2025-07-12 18:46:45,579 - WARNING - 歌曲ID 1387553828 未找到信息 (尝试 1/5)
2025-07-12 18:46:45,636 - WARNING - 歌曲ID 1393125434 未找到信息 (尝试 1/5)
2025-07-12 18:46:46,650 - WARNING - 歌曲ID 449818233 未找到信息 (尝试 1/5)
2025-07-12 18:46:47,248 - WARNING - 歌曲ID 529814689 未找到信息 (尝试 1/5)
2025-07-12 18:46:47,317 - WARNING - 歌曲ID 565966094 未找到信息 (尝试 1/5)
2025-07-12 18:46:47,372 - WARNING - 歌曲ID 1306496120 未找到信息 (尝试 1/5)
2025-07-12 18:46:47,725 - WARNING - 歌曲ID 1299557514 未找到信息 (尝试 1/5)
2025-07-12 18:46:47,784 - WARNING - 歌曲ID 1299571012 未找到信息 (尝试 1/5)
2025-07-12 18:46:47,987 - WARNING - 歌曲ID 573577416 未找到信息 (尝试 1/5)
2025-07-12 18:46:48,253 - WARNING - 歌曲ID 550404928 未找到信息 (尝试 1/5)
2025-07-12 18:46:48,392 - WARNING - 歌曲ID 463159138 未找到信息 (尝试 1/5)
2025-07-12 18:46:48,448 - WARNING - 歌曲ID 454966863 未找到信息 (尝试 1/5)
2025-07-12 18:46:48,686 - WARNING - 歌曲ID 487190526 未找到信息 (尝试 1/5)
2025-07-12 18:46:48,850 - WARNING - 歌曲ID 27681423 未找到信息 (尝试 1/5)
2025-07-12 18:46:48,974 - WARNING - 歌曲ID 1495316379 未找到信息 (尝试 1/5)
2025-07-12 18:46:49,033 - WARNING - 歌曲ID 1490304172 未找到信息 (尝试 1/5)
2025-07-12 18:46:49,627 - WARNING - 歌曲ID 1494521274 未找到信息 (尝试 1/5)
2025-07-12 18:46:50,331 - WARNING - 歌曲ID 1488678413 未找到信息 (尝试 1/5)
2025-07-12 18:46:50,722 - WARNING - 歌曲ID 1474265537 未找到信息 (尝试 1/5)
2025-07-12 18:46:51,018 - WARNING - 歌曲ID 1467062551 未找到信息 (尝试 1/5)
2025-07-12 18:46:51,330 - WARNING - 歌曲ID 1363303865 未找到信息 (尝试 1/5)
2025-07-12 18:46:51,732 - WARNING - 歌曲ID 1481297533 未找到信息 (尝试 1/5)
2025-07-12 18:46:51,949 - WARNING - 歌曲ID 1483250759 未找到信息 (尝试 1/5)
2025-07-12 18:46:52,372 - WARNING - 歌曲ID 1438363684 未找到信息 (尝试 1/5)
2025-07-12 18:46:52,497 - WARNING - 歌曲ID 1438364283 未找到信息 (尝试 1/5)
2025-07-12 18:46:52,554 - WARNING - 歌曲ID 1438363683 未找到信息 (尝试 1/5)
2025-07-12 18:46:53,213 - WARNING - 歌曲ID 1474810916 未找到信息 (尝试 1/5)
2025-07-12 18:46:53,369 - WARNING - 歌曲ID 1425996983 未找到信息 (尝试 1/5)
2025-07-12 18:46:53,588 - WARNING - 歌曲ID 1384496793 未找到信息 (尝试 1/5)
2025-07-12 18:46:54,100 - WARNING - 歌曲ID 1449790102 未找到信息 (尝试 1/5)
2025-07-12 18:46:54,466 - WARNING - 歌曲ID 400690551 未找到信息 (尝试 1/5)
2025-07-12 18:46:54,661 - WARNING - 歌曲ID 1467011320 未找到信息 (尝试 1/5)
2025-07-12 18:46:54,960 - WARNING - 歌曲ID 1469199497 未找到信息 (尝试 1/5)
2025-07-12 18:46:55,082 - WARNING - 歌曲ID 865466441 未找到信息 (尝试 1/5)
2025-07-12 18:46:55,274 - WARNING - 歌曲ID 419250593 未找到信息 (尝试 1/5)
2025-07-12 18:46:55,467 - WARNING - 歌曲ID 1400965930 未找到信息 (尝试 1/5)
2025-07-12 18:46:55,609 - WARNING - 歌曲ID 37092498 未找到信息 (尝试 1/5)
2025-07-12 18:46:55,989 - WARNING - 歌曲ID 30590259 未找到信息 (尝试 1/5)
2025-07-12 18:46:56,358 - WARNING - 歌曲ID 1384277549 未找到信息 (尝试 1/5)
2025-07-12 18:46:56,435 - WARNING - 歌曲ID 429482658 未找到信息 (尝试 1/5)
2025-07-12 18:46:56,629 - WARNING - 歌曲ID 32944785 未找到信息 (尝试 1/5)
2025-07-12 18:46:56,909 - WARNING - 歌曲ID 26573842 未找到信息 (尝试 1/5)
2025-07-12 18:46:56,967 - WARNING - 歌曲ID 575014050 未找到信息 (尝试 1/5)
2025-07-12 18:46:57,022 - WARNING - 歌曲ID 31152266 未找到信息 (尝试 1/5)
2025-07-12 18:46:57,103 - WARNING - 歌曲ID 30245131 未找到信息 (尝试 1/5)
2025-07-12 18:46:57,235 - WARNING - 歌曲ID 462516191 未找到信息 (尝试 1/5)
2025-07-12 18:46:57,370 - WARNING - 歌曲ID 28094810 未找到信息 (尝试 1/5)
2025-07-12 18:46:57,583 - WARNING - 歌曲ID 534541258 未找到信息 (尝试 1/5)
2025-07-12 18:46:58,158 - WARNING - 歌曲ID 469410961 未找到信息 (尝试 1/5)
2025-07-12 18:46:58,355 - WARNING - 歌曲ID 422094986 未找到信息 (尝试 1/5)
2025-07-12 18:46:58,439 - WARNING - 歌曲ID 32717173 未找到信息 (尝试 1/5)
2025-07-12 18:46:58,602 - WARNING - 歌曲ID 1835265189 未找到信息 (尝试 1/5)
2025-07-12 18:46:58,737 - WARNING - 歌曲ID 1393314828 未找到信息 (尝试 1/5)
2025-07-12 18:46:58,795 - WARNING - 歌曲ID 1815517840 未找到信息 (尝试 1/5)
2025-07-12 18:46:58,852 - WARNING - 歌曲ID 1840332551 未找到信息 (尝试 1/5)
2025-07-12 18:46:59,313 - WARNING - 歌曲ID 1823504857 未找到信息 (尝试 1/5)
2025-07-12 18:46:59,373 - WARNING - 歌曲ID 1817300301 未找到信息 (尝试 1/5)
2025-07-12 18:46:59,676 - WARNING - 歌曲ID 1805017076 未找到信息 (尝试 1/5)
2025-07-12 18:46:59,814 - WARNING - 歌曲ID 1835502137 未找到信息 (尝试 1/5)
2025-07-12 18:46:59,874 - WARNING - 歌曲ID 1835557550 未找到信息 (尝试 1/5)
2025-07-12 18:47:00,087 - WARNING - 歌曲ID 1830892837 未找到信息 (尝试 1/5)
2025-07-12 18:47:00,222 - WARNING - 歌曲ID 1834480744 未找到信息 (尝试 1/5)
2025-07-12 18:47:00,282 - WARNING - 歌曲ID 1834480743 未找到信息 (尝试 1/5)
2025-07-12 18:47:00,514 - WARNING - 歌曲ID 1832031855 未找到信息 (尝试 1/5)
2025-07-12 18:47:00,970 - WARNING - 歌曲ID 1830601708 未找到信息 (尝试 1/5)
2025-07-12 18:47:01,031 - WARNING - 歌曲ID 1822392632 未找到信息 (尝试 1/5)
2025-07-12 18:47:01,105 - WARNING - 歌曲ID 1819321026 未找到信息 (尝试 1/5)
2025-07-12 18:47:01,245 - WARNING - 歌曲ID 1822917452 未找到信息 (尝试 1/5)
2025-07-12 18:47:01,323 - WARNING - 歌曲ID 1820796501 未找到信息 (尝试 1/5)
2025-07-12 18:47:01,726 - WARNING - 歌曲ID 1819116306 未找到信息 (尝试 1/5)
2025-07-12 18:47:02,120 - WARNING - 歌曲ID 1451785950 未找到信息 (尝试 1/5)
2025-07-12 18:47:02,730 - WARNING - 歌曲ID 1818998483 未找到信息 (尝试 1/5)
2025-07-12 18:47:03,305 - WARNING - 歌曲ID 1813456188 未找到信息 (尝试 1/5)
2025-07-12 18:47:03,807 - WARNING - 歌曲ID 1807565246 未找到信息 (尝试 1/5)
2025-07-12 18:47:04,799 - WARNING - 歌曲ID 571338898 未找到信息 (尝试 1/5)
2025-07-12 18:47:04,928 - WARNING - 歌曲ID 1815839233 未找到信息 (尝试 1/5)
2025-07-12 18:47:04,982 - WARNING - 歌曲ID 1817590360 未找到信息 (尝试 1/5)
2025-07-12 18:47:05,039 - WARNING - 歌曲ID 1810707883 未找到信息 (尝试 1/5)
2025-07-12 18:47:05,609 - WARNING - 歌曲ID 1470023075 未找到信息 (尝试 1/5)
2025-07-12 18:47:06,161 - WARNING - 歌曲ID 1430096278 未找到信息 (尝试 1/5)
2025-07-12 18:47:06,307 - WARNING - 歌曲ID 1473757872 未找到信息 (尝试 1/5)
2025-07-12 18:47:06,823 - WARNING - 歌曲ID 1415735670 未找到信息 (尝试 1/5)
2025-07-12 18:47:06,953 - WARNING - 歌曲ID 1414783850 未找到信息 (尝试 1/5)
2025-07-12 18:47:07,157 - WARNING - 歌曲ID 1397142514 未找到信息 (尝试 1/5)
2025-07-12 18:47:07,510 - WARNING - 歌曲ID 1394745735 未找到信息 (尝试 1/5)
2025-07-12 18:47:07,568 - WARNING - 歌曲ID 1383736592 未找到信息 (尝试 1/5)
2025-07-12 18:47:07,640 - WARNING - 歌曲ID 1390601273 未找到信息 (尝试 1/5)
2025-07-12 18:47:07,974 - WARNING - 歌曲ID 1382271289 未找到信息 (尝试 1/5)
2025-07-12 18:47:08,170 - WARNING - 歌曲ID 1367115519 未找到信息 (尝试 1/5)
2025-07-12 18:47:08,226 - WARNING - 歌曲ID 1367115517 未找到信息 (尝试 1/5)
2025-07-12 18:47:08,695 - WARNING - 歌曲ID 1346710590 未找到信息 (尝试 1/5)
2025-07-12 18:47:08,753 - WARNING - 歌曲ID 1343449796 未找到信息 (尝试 1/5)
2025-07-12 18:47:08,964 - WARNING - 歌曲ID 1324254793 未找到信息 (尝试 1/5)
2025-07-12 18:47:09,024 - WARNING - 歌曲ID 1323949474 未找到信息 (尝试 1/5)
2025-07-12 18:47:09,083 - WARNING - 歌曲ID 1324830026 未找到信息 (尝试 1/5)
2025-07-12 18:47:09,496 - WARNING - 歌曲ID 1311532726 未找到信息 (尝试 1/5)
2025-07-12 18:47:09,551 - WARNING - 歌曲ID 28028680 未找到信息 (尝试 1/5)
2025-07-12 18:47:09,816 - WARNING - 歌曲ID 2042460770 未找到信息 (尝试 1/5)
2025-07-12 18:47:09,875 - WARNING - 歌曲ID 2008169400 未找到信息 (尝试 1/5)
2025-07-12 18:47:10,166 - WARNING - 歌曲ID 2099896952 未找到信息 (尝试 1/5)
2025-07-12 18:47:10,237 - WARNING - 歌曲ID 2114092130 未找到信息 (尝试 1/5)
2025-07-12 18:47:10,589 - WARNING - 歌曲ID 2116451123 未找到信息 (尝试 1/5)
2025-07-12 18:47:10,854 - WARNING - 歌曲ID 2680997847 未找到信息 (尝试 1/5)
2025-07-12 18:47:10,912 - WARNING - 歌曲ID 1989013393 未找到信息 (尝试 1/5)
2025-07-12 18:47:10,972 - WARNING - 歌曲ID 2675191488 未找到信息 (尝试 1/5)
2025-07-12 18:47:11,027 - WARNING - 歌曲ID 28715188 未找到信息 (尝试 1/5)
2025-07-12 18:47:11,660 - WARNING - 歌曲ID 1846668998 未找到信息 (尝试 1/5)
2025-07-12 18:47:11,860 - WARNING - 歌曲ID 1379615828 未找到信息 (尝试 1/5)
2025-07-12 18:47:12,227 - WARNING - 歌曲ID 2098345049 未找到信息 (尝试 1/5)
2025-07-12 18:47:12,290 - WARNING - 歌曲ID 417250674 未找到信息 (尝试 1/5)
2025-07-12 18:47:12,653 - WARNING - 歌曲ID 1397506565 未找到信息 (尝试 1/5)
2025-07-12 18:47:12,804 - WARNING - 歌曲ID 1870367042 未找到信息 (尝试 1/5)
2025-07-12 18:47:12,859 - WARNING - 歌曲ID 1921825129 未找到信息 (尝试 1/5)
2025-07-12 18:47:13,163 - WARNING - 歌曲ID 1950219472 未找到信息 (尝试 1/5)
2025-07-12 18:47:13,242 - WARNING - 歌曲ID 1954872164 未找到信息 (尝试 1/5)
2025-07-12 18:47:13,449 - WARNING - 歌曲ID 1983838192 未找到信息 (尝试 1/5)
2025-07-12 18:47:13,507 - WARNING - 歌曲ID 1940059572 未找到信息 (尝试 1/5)
2025-07-12 18:47:13,567 - WARNING - 歌曲ID 2083296092 未找到信息 (尝试 1/5)
2025-07-12 18:47:13,624 - WARNING - 歌曲ID 1976920687 未找到信息 (尝试 1/5)
2025-07-12 18:47:14,001 - WARNING - 歌曲ID 1834480117 未找到信息 (尝试 1/5)
2025-07-12 18:47:14,059 - WARNING - 歌曲ID 1911087327 未找到信息 (尝试 1/5)
2025-07-12 18:47:14,193 - WARNING - 歌曲ID 1866164650 未找到信息 (尝试 1/5)
2025-07-12 18:47:14,250 - WARNING - 歌曲ID 1945972720 未找到信息 (尝试 1/5)
2025-07-12 18:47:14,401 - WARNING - 歌曲ID 33316574 未找到信息 (尝试 1/5)
2025-07-12 18:47:14,459 - WARNING - 歌曲ID 422463788 未找到信息 (尝试 1/5)
2025-07-12 18:47:14,519 - WARNING - 歌曲ID 41650549 未找到信息 (尝试 1/5)
2025-07-12 18:47:14,687 - WARNING - 歌曲ID 427542610 未找到信息 (尝试 1/5)
2025-07-12 18:47:14,814 - WARNING - 歌曲ID 508917233 未找到信息 (尝试 1/5)
2025-07-12 18:47:15,687 - WARNING - 歌曲ID 1376669199 未找到信息 (尝试 1/5)
2025-07-12 18:47:16,027 - WARNING - 歌曲ID 432698794 未找到信息 (尝试 1/5)
2025-07-12 18:47:16,178 - WARNING - 歌曲ID 1413377035 未找到信息 (尝试 1/5)
2025-07-12 18:47:16,378 - WARNING - 歌曲ID 1419912480 未找到信息 (尝试 1/5)
2025-07-12 18:47:16,677 - WARNING - 歌曲ID 1342726555 未找到信息 (尝试 1/5)
2025-07-12 18:47:16,761 - INFO - 处理完成! 成功获取 692/1000 首歌曲的艺人信息 (69.20%)
2025-07-12 18:49:29,117 - INFO - 开始读取HTML文件: playlist.html
2025-07-12 18:49:29,121 - INFO - 开始解析歌曲信息...
2025-07-12 18:49:29,190 - INFO - 共找到 1000 首歌曲
2025-07-12 18:49:29,190 - INFO - 开始获取艺人信息...
2025-07-12 18:49:29,633 - WARNING - 歌曲ID 31152371 未找到信息 (尝试 1/5)
2025-07-12 18:49:29,917 - WARNING - 歌曲ID 401250551 未找到信息 (尝试 1/5)
2025-07-12 18:49:30,175 - WARNING - 歌曲ID 403012338 未找到信息 (尝试 1/5)
2025-07-12 18:49:30,440 - WARNING - 歌曲ID 403012380 未找到信息 (尝试 1/5)
2025-07-12 18:49:30,810 - WARNING - 歌曲ID 35920241 未找到信息 (尝试 1/5)
2025-07-12 18:49:30,865 - WARNING - 歌曲ID 404783353 未找到信息 (尝试 1/5)
2025-07-12 18:49:31,060 - WARNING - 歌曲ID 400689373 未找到信息 (尝试 1/5)
2025-07-12 18:49:31,116 - WARNING - 歌曲ID 38679396 未找到信息 (尝试 1/5)
2025-07-12 18:49:31,473 - WARNING - 歌曲ID 36095158 未找到信息 (尝试 1/5)
2025-07-12 18:49:31,973 - WARNING - 歌曲ID 37955156 未找到信息 (尝试 1/5)
2025-07-12 18:49:32,175 - WARNING - 歌曲ID 32803516 未找到信息 (尝试 1/5)
2025-07-12 18:49:32,381 - WARNING - 歌曲ID 36103575 未找到信息 (尝试 1/5)
2025-07-12 18:49:32,766 - WARNING - 歌曲ID 38019460 未找到信息 (尝试 1/5)
2025-07-12 18:49:33,195 - WARNING - 歌曲ID 37092497 未找到信息 (尝试 1/5)
2025-07-12 18:49:33,696 - WARNING - 歌曲ID 38019045 未找到信息 (尝试 1/5)
2025-07-12 18:49:33,751 - WARNING - 歌曲ID 36586534 未找到信息 (尝试 1/5)
2025-07-12 18:49:33,991 - WARNING - 歌曲ID 33785092 未找到信息 (尝试 1/5)
2025-07-12 18:49:34,047 - WARNING - 歌曲ID 36308898 未找到信息 (尝试 1/5)
2025-07-12 18:49:34,400 - WARNING - 歌曲ID 35497892 未找到信息 (尝试 1/5)
2025-07-12 18:49:34,611 - WARNING - 歌曲ID 39443015 未找到信息 (尝试 1/5)
2025-07-12 18:49:34,669 - WARNING - 歌曲ID 33984103 未找到信息 (尝试 1/5)
2025-07-12 18:49:35,484 - WARNING - 歌曲ID 36024653 未找到信息 (尝试 1/5)
2025-07-12 18:49:35,539 - WARNING - 歌曲ID 35314190 未找到信息 (尝试 1/5)
2025-07-12 18:49:35,798 - WARNING - 歌曲ID 36496619 未找到信息 (尝试 1/5)
2025-07-12 18:49:35,856 - WARNING - 歌曲ID 32574644 未找到信息 (尝试 1/5)
2025-07-12 18:49:36,122 - WARNING - 歌曲ID 32717163 未找到信息 (尝试 1/5)
2025-07-12 18:49:36,493 - WARNING - 歌曲ID 453176789 未找到信息 (尝试 1/5)
2025-07-12 18:49:36,551 - WARNING - 歌曲ID 422960477 未找到信息 (尝试 1/5)
2025-07-12 18:49:36,679 - WARNING - 歌曲ID 32574860 未找到信息 (尝试 1/5)
2025-07-12 18:49:36,741 - WARNING - 歌曲ID 39956107 未找到信息 (尝试 1/5)
2025-07-12 18:49:36,971 - WARNING - 歌曲ID 409647145 未找到信息 (尝试 1/5)
2025-07-12 18:49:37,257 - WARNING - 歌曲ID 403136257 未找到信息 (尝试 1/5)
2025-07-12 18:49:37,542 - WARNING - 歌曲ID 30431672 未找到信息 (尝试 1/5)
2025-07-12 18:49:37,611 - WARNING - 歌曲ID 399340177 未找到信息 (尝试 1/5)
2025-07-12 18:49:37,668 - WARNING - 歌曲ID 407459144 未找到信息 (尝试 1/5)
2025-07-12 18:49:38,268 - WARNING - 歌曲ID 410518583 未找到信息 (尝试 1/5)
2025-07-12 18:49:38,400 - WARNING - 歌曲ID 410629828 未找到信息 (尝试 1/5)
2025-07-12 18:49:38,602 - WARNING - 歌曲ID 37988126 未找到信息 (尝试 1/5)
2025-07-12 18:49:38,745 - WARNING - 歌曲ID 30951467 未找到信息 (尝试 1/5)
2025-07-12 18:49:39,228 - WARNING - 歌曲ID 412187223 未找到信息 (尝试 1/5)
2025-07-12 18:49:39,430 - WARNING - 歌曲ID 409647524 未找到信息 (尝试 1/5)
2025-07-12 18:49:39,488 - WARNING - 歌曲ID 32574663 未找到信息 (尝试 1/5)
2025-07-12 18:49:39,663 - WARNING - 歌曲ID 410802806 未找到信息 (尝试 1/5)
2025-07-12 18:49:39,819 - WARNING - 歌曲ID 407459174 未找到信息 (尝试 1/5)
2025-07-12 18:49:40,203 - WARNING - 歌曲ID 37095770 未找到信息 (尝试 1/5)
2025-07-12 18:49:40,285 - WARNING - 歌曲ID 406330097 未找到信息 (尝试 1/5)
2025-07-12 18:49:40,349 - WARNING - 歌曲ID 408055387 未找到信息 (尝试 1/5)
2025-07-12 18:49:40,490 - WARNING - 歌曲ID 405597766 未找到信息 (尝试 1/5)
2025-07-12 18:49:41,382 - WARNING - 歌曲ID 39227966 未找到信息 (尝试 1/5)
2025-07-12 18:49:41,584 - WARNING - 歌曲ID 32924099 未找到信息 (尝试 1/5)
2025-07-12 18:49:42,408 - WARNING - 歌曲ID 403136280 未找到信息 (尝试 1/5)
2025-07-12 18:49:42,887 - WARNING - 歌曲ID 406346986 未找到信息 (尝试 1/5)
2025-07-12 18:49:43,522 - WARNING - 歌曲ID 38019791 未找到信息 (尝试 1/5)
2025-07-12 18:49:43,930 - WARNING - 歌曲ID 405597856 未找到信息 (尝试 1/5)
2025-07-12 18:49:44,008 - WARNING - 歌曲ID 405597764 未找到信息 (尝试 1/5)
2025-07-12 18:49:44,234 - WARNING - 歌曲ID 405079951 未找到信息 (尝试 1/5)
2025-07-12 18:49:44,293 - WARNING - 歌曲ID 30569017 未找到信息 (尝试 1/5)
2025-07-12 18:49:44,438 - WARNING - 歌曲ID 39227584 未找到信息 (尝试 1/5)
2025-07-12 18:49:44,824 - WARNING - 歌曲ID 1403013137 未找到信息 (尝试 1/5)
2025-07-12 18:49:44,951 - WARNING - 歌曲ID 427373450 未找到信息 (尝试 1/5)
2025-07-12 18:49:45,009 - WARNING - 歌曲ID 410518497 未找到信息 (尝试 1/5)
2025-07-12 18:49:45,068 - WARNING - 歌曲ID 1354670936 未找到信息 (尝试 1/5)
2025-07-12 18:49:45,392 - WARNING - 歌曲ID 1416675104 未找到信息 (尝试 1/5)
2025-07-12 18:49:45,627 - WARNING - 歌曲ID 1418381607 未找到信息 (尝试 1/5)
2025-07-12 18:49:45,775 - WARNING - 歌曲ID 1388845089 未找到信息 (尝试 1/5)
2025-07-12 18:49:46,206 - WARNING - 歌曲ID 408055097 未找到信息 (尝试 1/5)
2025-07-12 18:49:46,734 - WARNING - 歌曲ID 1321597315 未找到信息 (尝试 1/5)
2025-07-12 18:49:46,791 - WARNING - 歌曲ID 451701396 未找到信息 (尝试 1/5)
2025-07-12 18:49:46,992 - WARNING - 歌曲ID 1405248539 未找到信息 (尝试 1/5)
2025-07-12 18:49:47,153 - WARNING - 歌曲ID 1365711550 未找到信息 (尝试 1/5)
2025-07-12 18:49:47,229 - WARNING - 歌曲ID 1401179677 未找到信息 (尝试 1/5)
2025-07-12 18:49:47,562 - WARNING - 歌曲ID 1396158062 未找到信息 (尝试 1/5)
2025-07-12 18:49:47,849 - WARNING - 歌曲ID 1336856743 未找到信息 (尝试 1/5)
2025-07-12 18:49:48,488 - WARNING - 歌曲ID 1381082777 未找到信息 (尝试 1/5)
2025-07-12 18:49:49,297 - WARNING - 歌曲ID 31452306 未找到信息 (尝试 1/5)
2025-07-12 18:49:49,437 - WARNING - 歌曲ID 36308977 未找到信息 (尝试 1/5)
2025-07-12 18:49:49,497 - WARNING - 歌曲ID 36307911 未找到信息 (尝试 1/5)
2025-07-12 18:49:49,572 - WARNING - 歌曲ID 1309792971 未找到信息 (尝试 1/5)
2025-07-12 18:49:49,819 - WARNING - 歌曲ID 573495647 未找到信息 (尝试 1/5)
2025-07-12 18:49:50,012 - WARNING - 歌曲ID 29600426 未找到信息 (尝试 1/5)
2025-07-12 18:49:50,209 - WARNING - 歌曲ID 447281380 未找到信息 (尝试 1/5)
2025-07-12 18:49:50,285 - WARNING - 歌曲ID 32823984 未找到信息 (尝试 1/5)
2025-07-12 18:49:50,491 - WARNING - 歌曲ID 400690504 未找到信息 (尝试 1/5)
2025-07-12 18:49:50,636 - WARNING - 歌曲ID 401250545 未找到信息 (尝试 1/5)
2025-07-12 18:49:50,705 - WARNING - 歌曲ID 39224662 未找到信息 (尝试 1/5)
2025-07-12 18:49:50,782 - WARNING - 歌曲ID 34766655 未找到信息 (尝试 1/5)
2025-07-12 18:49:50,861 - WARNING - 歌曲ID 458725357 未找到信息 (尝试 1/5)
2025-07-12 18:49:51,343 - WARNING - 歌曲ID 437292343 未找到信息 (尝试 1/5)
2025-07-12 18:49:51,473 - WARNING - 歌曲ID 31452310 未找到信息 (尝试 1/5)
2025-07-12 18:49:51,818 - WARNING - 歌曲ID 34690622 未找到信息 (尝试 1/5)
2025-07-12 18:49:51,876 - WARNING - 歌曲ID 408332707 未找到信息 (尝试 1/5)
2025-07-12 18:49:52,212 - WARNING - 歌曲ID 1401537581 未找到信息 (尝试 1/5)
2025-07-12 18:49:52,473 - WARNING - 歌曲ID 491294467 未找到信息 (尝试 1/5)
2025-07-12 18:49:52,704 - WARNING - 歌曲ID 1451831039 未找到信息 (尝试 1/5)
2025-07-12 18:49:52,852 - WARNING - 歌曲ID 1462851916 未找到信息 (尝试 1/5)
2025-07-12 18:49:52,992 - WARNING - 歌曲ID 1459166096 未找到信息 (尝试 1/5)
2025-07-12 18:49:53,225 - WARNING - 歌曲ID 1460083791 未找到信息 (尝试 1/5)
2025-07-12 18:49:53,297 - WARNING - 歌曲ID 1460791953 未找到信息 (尝试 1/5)
2025-07-12 18:49:53,912 - WARNING - 歌曲ID 1460725267 未找到信息 (尝试 1/5)
2025-07-12 18:49:53,972 - WARNING - 歌曲ID 1460725265 未找到信息 (尝试 1/5)
2025-07-12 18:49:54,681 - WARNING - 歌曲ID 1456102972 未找到信息 (尝试 1/5)
2025-07-12 18:49:55,011 - WARNING - 歌曲ID 1455394936 未找到信息 (尝试 1/5)
2025-07-12 18:49:55,068 - WARNING - 歌曲ID 1449295455 未找到信息 (尝试 1/5)
2025-07-12 18:49:55,746 - WARNING - 歌曲ID 39443010 未找到信息 (尝试 1/5)
2025-07-12 18:49:56,172 - WARNING - 歌曲ID 1447960500 未找到信息 (尝试 1/5)
2025-07-12 18:49:56,251 - WARNING - 歌曲ID 1444612986 未找到信息 (尝试 1/5)
2025-07-12 18:49:56,328 - WARNING - 歌曲ID 1441110458 未找到信息 (尝试 1/5)
2025-07-12 18:49:56,408 - WARNING - 歌曲ID 1441589382 未找到信息 (尝试 1/5)
2025-07-12 18:49:56,948 - WARNING - 歌曲ID 558560727 未找到信息 (尝试 1/5)
2025-07-12 18:49:57,008 - WARNING - 歌曲ID 1437840248 未找到信息 (尝试 1/5)
2025-07-12 18:49:57,278 - WARNING - 歌曲ID 419254458 未找到信息 (尝试 1/5)
2025-07-12 18:49:57,338 - WARNING - 歌曲ID 410628538 未找到信息 (尝试 1/5)
2025-07-12 18:49:57,400 - WARNING - 歌曲ID 498321282 未找到信息 (尝试 1/5)
2025-07-12 18:49:57,751 - WARNING - 歌曲ID 1363814897 未找到信息 (尝试 1/5)
2025-07-12 18:49:57,939 - WARNING - 歌曲ID 1419363360 未找到信息 (尝试 1/5)
2025-07-12 18:49:58,080 - WARNING - 歌曲ID 1392976774 未找到信息 (尝试 1/5)
2025-07-12 18:49:59,431 - WARNING - 歌曲ID 1420948750 未找到信息 (尝试 1/5)
2025-07-12 18:49:59,490 - WARNING - 歌曲ID 409931674 未找到信息 (尝试 1/5)
2025-07-12 18:49:59,802 - WARNING - 歌曲ID 36019635 未找到信息 (尝试 1/5)
2025-07-12 18:50:00,094 - WARNING - 歌曲ID 1391587396 未找到信息 (尝试 1/5)
2025-07-12 18:50:00,458 - WARNING - 歌曲ID 1327013975 未找到信息 (尝试 1/5)
2025-07-12 18:50:00,517 - WARNING - 歌曲ID 546724457 未找到信息 (尝试 1/5)
2025-07-12 18:50:00,778 - WARNING - 歌曲ID 27813582 未找到信息 (尝试 1/5)
2025-07-12 18:50:01,619 - WARNING - 歌曲ID 1366098786 未找到信息 (尝试 1/5)
2025-07-12 18:50:02,179 - WARNING - 歌曲ID 1343088903 未找到信息 (尝试 1/5)
2025-07-12 18:50:02,426 - WARNING - 歌曲ID 467166490 未找到信息 (尝试 1/5)
2025-07-12 18:50:02,971 - WARNING - 歌曲ID 437859137 未找到信息 (尝试 1/5)
2025-07-12 18:50:03,045 - WARNING - 歌曲ID 1359719100 未找到信息 (尝试 1/5)
2025-07-12 18:50:03,125 - WARNING - 歌曲ID 573240023 未找到信息 (尝试 1/5)
2025-07-12 18:50:03,340 - WARNING - 歌曲ID 550137229 未找到信息 (尝试 1/5)
2025-07-12 18:50:03,465 - WARNING - 歌曲ID 1297747560 未找到信息 (尝试 1/5)
2025-07-12 18:50:03,607 - WARNING - 歌曲ID 493042529 未找到信息 (尝试 1/5)
2025-07-12 18:50:03,665 - WARNING - 歌曲ID 1323987109 未找到信息 (尝试 1/5)
2025-07-12 18:50:04,025 - WARNING - 歌曲ID 546722488 未找到信息 (尝试 1/5)
2025-07-12 18:50:04,082 - WARNING - 歌曲ID 550712208 未找到信息 (尝试 1/5)
2025-07-12 18:50:04,402 - WARNING - 歌曲ID 34834741 未找到信息 (尝试 1/5)
2025-07-12 18:50:05,178 - WARNING - 歌曲ID 473742434 未找到信息 (尝试 1/5)
2025-07-12 18:50:05,423 - WARNING - 歌曲ID 36024644 未找到信息 (尝试 1/5)
2025-07-12 18:50:05,496 - WARNING - 歌曲ID 30432081 未找到信息 (尝试 1/5)
2025-07-12 18:50:05,908 - WARNING - 歌曲ID 31514310 未找到信息 (尝试 1/5)
2025-07-12 18:50:06,031 - WARNING - 歌曲ID 403711527 未找到信息 (尝试 1/5)
2025-07-12 18:50:06,510 - WARNING - 歌曲ID 422419111 未找到信息 (尝试 1/5)
2025-07-12 18:50:06,589 - WARNING - 歌曲ID 473940907 未找到信息 (尝试 1/5)
2025-07-12 18:50:06,725 - WARNING - 歌曲ID 38019092 未找到信息 (尝试 1/5)
2025-07-12 18:50:07,428 - WARNING - 歌曲ID 514052560 未找到信息 (尝试 1/5)
2025-07-12 18:50:07,728 - WARNING - 歌曲ID 1388286226 未找到信息 (尝试 1/5)
2025-07-12 18:50:07,794 - WARNING - 歌曲ID 1388286228 未找到信息 (尝试 1/5)
2025-07-12 18:50:08,087 - WARNING - 歌曲ID 34516282 未找到信息 (尝试 1/5)
2025-07-12 18:50:08,286 - WARNING - 歌曲ID 1302090474 未找到信息 (尝试 1/5)
2025-07-12 18:50:08,680 - WARNING - 歌曲ID 1418092940 未找到信息 (尝试 1/5)
2025-07-12 18:50:08,953 - WARNING - 歌曲ID 468517895 未找到信息 (尝试 1/5)
2025-07-12 18:50:09,013 - WARNING - 歌曲ID 1382942101 未找到信息 (尝试 1/5)
2025-07-12 18:50:09,084 - WARNING - 歌曲ID 547969501 未找到信息 (尝试 1/5)
2025-07-12 18:50:09,140 - WARNING - 歌曲ID 1434332317 未找到信息 (尝试 1/5)
2025-07-12 18:50:09,222 - WARNING - 歌曲ID 1472125086 未找到信息 (尝试 1/5)
2025-07-12 18:50:09,465 - WARNING - 歌曲ID 424474730 未找到信息 (尝试 1/5)
2025-07-12 18:50:09,780 - WARNING - 歌曲ID 1420925702 未找到信息 (尝试 1/5)
2025-07-12 18:50:09,981 - WARNING - 歌曲ID 1448600058 未找到信息 (尝试 1/5)
2025-07-12 18:50:10,195 - WARNING - 歌曲ID 463840837 未找到信息 (尝试 1/5)
2025-07-12 18:50:10,413 - WARNING - 歌曲ID 1409691739 未找到信息 (尝试 1/5)
2025-07-12 18:50:10,474 - WARNING - 歌曲ID 1424487818 未找到信息 (尝试 1/5)
2025-07-12 18:50:10,608 - WARNING - 歌曲ID 427542524 未找到信息 (尝试 1/5)
2025-07-12 18:50:10,734 - WARNING - 歌曲ID 1418381608 未找到信息 (尝试 1/5)
2025-07-12 18:50:10,790 - WARNING - 歌曲ID 1397786537 未找到信息 (尝试 1/5)
2025-07-12 18:50:11,547 - WARNING - 歌曲ID 1378288596 未找到信息 (尝试 1/5)
2025-07-12 18:50:12,024 - WARNING - 歌曲ID 513360057 未找到信息 (尝试 1/5)
2025-07-12 18:50:12,327 - WARNING - 歌曲ID 30780479 未找到信息 (尝试 1/5)
2025-07-12 18:50:12,398 - WARNING - 歌曲ID 1342501597 未找到信息 (尝试 1/5)
2025-07-12 18:50:12,458 - WARNING - 歌曲ID 1384492898 未找到信息 (尝试 1/5)
2025-07-12 18:50:12,732 - WARNING - 歌曲ID 526464815 未找到信息 (尝试 1/5)
2025-07-12 18:50:13,005 - WARNING - 歌曲ID 1346093052 未找到信息 (尝试 1/5)
2025-07-12 18:50:13,082 - WARNING - 歌曲ID 1387553828 未找到信息 (尝试 1/5)
2025-07-12 18:50:13,379 - WARNING - 歌曲ID 557581550 未找到信息 (尝试 1/5)
2025-07-12 18:50:13,507 - WARNING - 歌曲ID 1384492897 未找到信息 (尝试 1/5)
2025-07-12 18:50:13,637 - WARNING - 歌曲ID 534540158 未找到信息 (尝试 1/5)
2025-07-12 18:50:13,693 - WARNING - 歌曲ID 463352431 未找到信息 (尝试 1/5)
2025-07-12 18:50:13,751 - WARNING - 歌曲ID 1357788486 未找到信息 (尝试 1/5)
2025-07-12 18:50:13,886 - WARNING - 歌曲ID 1364262796 未找到信息 (尝试 1/5)
2025-07-12 18:50:14,309 - WARNING - 歌曲ID 1363534317 未找到信息 (尝试 1/5)
2025-07-12 18:50:14,439 - WARNING - 歌曲ID 33861008 未找到信息 (尝试 1/5)
2025-07-12 18:50:14,776 - WARNING - 歌曲ID 565966094 未找到信息 (尝试 1/5)
2025-07-12 18:50:14,836 - WARNING - 歌曲ID 1306496120 未找到信息 (尝试 1/5)
2025-07-12 18:50:14,896 - WARNING - 歌曲ID 491695760 未找到信息 (尝试 1/5)
2025-07-12 18:50:14,979 - WARNING - 歌曲ID 1389240548 未找到信息 (尝试 1/5)
2025-07-12 18:50:15,039 - WARNING - 歌曲ID 1336856521 未找到信息 (尝试 1/5)
2025-07-12 18:50:15,262 - WARNING - 歌曲ID 1299571012 未找到信息 (尝试 1/5)
2025-07-12 18:50:15,335 - WARNING - 歌曲ID 865465616 未找到信息 (尝试 1/5)
2025-07-12 18:50:15,391 - WARNING - 歌曲ID 864099723 未找到信息 (尝试 1/5)
2025-07-12 18:50:15,590 - WARNING - 歌曲ID 570304452 未找到信息 (尝试 1/5)
2025-07-12 18:50:15,949 - WARNING - 歌曲ID 454966863 未找到信息 (尝试 1/5)
2025-07-12 18:50:16,590 - WARNING - 歌曲ID 557583239 未找到信息 (尝试 1/5)
2025-07-12 18:50:17,097 - WARNING - 歌曲ID 1808008620 未找到信息 (尝试 1/5)
2025-07-12 18:50:17,334 - WARNING - 歌曲ID 1488918175 未找到信息 (尝试 1/5)
2025-07-12 18:50:17,619 - WARNING - 歌曲ID 1479473626 未找到信息 (尝试 1/5)
2025-07-12 18:50:18,151 - WARNING - 歌曲ID 1488678413 未找到信息 (尝试 1/5)
2025-07-12 18:50:18,739 - WARNING - 歌曲ID 1347227967 未找到信息 (尝试 1/5)
2025-07-12 18:50:19,082 - WARNING - 歌曲ID 1489221115 未找到信息 (尝试 1/5)
2025-07-12 18:50:19,395 - WARNING - 歌曲ID 1485814432 未找到信息 (尝试 1/5)
2025-07-12 18:50:19,474 - WARNING - 歌曲ID 1487304059 未找到信息 (尝试 1/5)
2025-07-12 18:50:19,691 - WARNING - 歌曲ID 1487344182 未找到信息 (尝试 1/5)
2025-07-12 18:50:20,438 - WARNING - 歌曲ID 1438364283 未找到信息 (尝试 1/5)
2025-07-12 18:50:20,514 - WARNING - 歌曲ID 1438363683 未找到信息 (尝试 1/5)
2025-07-12 18:50:20,841 - WARNING - 歌曲ID 1397741110 未找到信息 (尝试 1/5)
2025-07-12 18:50:20,919 - WARNING - 歌曲ID 1455678358 未找到信息 (尝试 1/5)
2025-07-12 18:50:20,995 - WARNING - 歌曲ID 573577440 未找到信息 (尝试 1/5)
2025-07-12 18:50:21,163 - WARNING - 歌曲ID 1482648905 未找到信息 (尝试 1/5)
2025-07-12 18:50:21,223 - WARNING - 歌曲ID 1474810916 未找到信息 (尝试 1/5)
2025-07-12 18:50:21,283 - WARNING - 歌曲ID 530986444 未找到信息 (尝试 1/5)
2025-07-12 18:50:21,475 - WARNING - 歌曲ID 507585226 未找到信息 (尝试 1/5)
2025-07-12 18:50:21,909 - WARNING - 歌曲ID 1480199530 未找到信息 (尝试 1/5)
2025-07-12 18:50:22,098 - WARNING - 歌曲ID 1449790102 未找到信息 (尝试 1/5)
2025-07-12 18:50:22,690 - WARNING - 歌曲ID 1467011320 未找到信息 (尝试 1/5)
2025-07-12 18:50:22,769 - WARNING - 歌曲ID 1469902562 未找到信息 (尝试 1/5)
2025-07-12 18:50:22,832 - WARNING - 歌曲ID 1471674586 未找到信息 (尝试 1/5)
2025-07-12 18:50:22,892 - WARNING - 歌曲ID 1474018731 未找到信息 (尝试 1/5)
2025-07-12 18:50:23,027 - WARNING - 歌曲ID 1369363442 未找到信息 (尝试 1/5)
2025-07-12 18:50:23,527 - WARNING - 歌曲ID 1400965930 未找到信息 (尝试 1/5)
2025-07-12 18:50:23,651 - WARNING - 歌曲ID 37092498 未找到信息 (尝试 1/5)
2025-07-12 18:50:23,779 - WARNING - 歌曲ID 424262248 未找到信息 (尝试 1/5)
2025-07-12 18:50:23,835 - WARNING - 歌曲ID 430043476 未找到信息 (尝试 1/5)
2025-07-12 18:50:24,235 - WARNING - 歌曲ID 486814256 未找到信息 (尝试 1/5)
2025-07-12 18:50:24,608 - WARNING - 歌曲ID 1313860134 未找到信息 (尝试 1/5)
2025-07-12 18:50:24,754 - WARNING - 歌曲ID 32944785 未找到信息 (尝试 1/5)
2025-07-12 18:50:24,814 - WARNING - 歌曲ID 412175984 未找到信息 (尝试 1/5)
2025-07-12 18:50:25,012 - WARNING - 歌曲ID 26573842 未找到信息 (尝试 1/5)
2025-07-12 18:50:25,213 - WARNING - 歌曲ID 30245131 未找到信息 (尝试 1/5)
2025-07-12 18:50:25,641 - WARNING - 歌曲ID 26520608 未找到信息 (尝试 1/5)
2025-07-12 18:50:25,770 - WARNING - 歌曲ID 409941805 未找到信息 (尝试 1/5)
2025-07-12 18:50:25,828 - WARNING - 歌曲ID 423407556 未找到信息 (尝试 1/5)
2025-07-12 18:50:25,957 - WARNING - 歌曲ID 514054535 未找到信息 (尝试 1/5)
2025-07-12 18:50:26,049 - WARNING - 歌曲ID 41650518 未找到信息 (尝试 1/5)
2025-07-12 18:50:26,334 - WARNING - 歌曲ID 431855025 未找到信息 (尝试 1/5)
2025-07-12 18:50:27,111 - WARNING - 歌曲ID 1840332551 未找到信息 (尝试 1/5)
2025-07-12 18:50:27,469 - WARNING - 歌曲ID 1828761545 未找到信息 (尝试 1/5)
2025-07-12 18:50:27,825 - WARNING - 歌曲ID 1809494504 未找到信息 (尝试 1/5)
2025-07-12 18:50:28,185 - WARNING - 歌曲ID 1835332015 未找到信息 (尝试 1/5)
2025-07-12 18:50:28,478 - WARNING - 歌曲ID 1834480744 未找到信息 (尝试 1/5)
2025-07-12 18:50:28,537 - WARNING - 歌曲ID 1834480743 未找到信息 (尝试 1/5)
2025-07-12 18:50:28,683 - WARNING - 歌曲ID 1832030583 未找到信息 (尝试 1/5)
2025-07-12 18:50:29,111 - WARNING - 歌曲ID 1822748691 未找到信息 (尝试 1/5)
2025-07-12 18:50:29,332 - WARNING - 歌曲ID 1822392632 未找到信息 (尝试 1/5)
2025-07-12 18:50:29,389 - WARNING - 歌曲ID 1819321026 未找到信息 (尝试 1/5)
2025-07-12 18:50:29,449 - WARNING - 歌曲ID 1825847396 未找到信息 (尝试 1/5)
2025-07-12 18:50:29,575 - WARNING - 歌曲ID 1820796501 未找到信息 (尝试 1/5)
2025-07-12 18:50:29,702 - WARNING - 歌曲ID 1822429639 未找到信息 (尝试 1/5)
2025-07-12 18:50:30,087 - WARNING - 歌曲ID 1813492806 未找到信息 (尝试 1/5)
2025-07-12 18:50:30,213 - WARNING - 歌曲ID 1444474174 未找到信息 (尝试 1/5)
2025-07-12 18:50:30,936 - WARNING - 歌曲ID 1818998483 未找到信息 (尝试 1/5)
2025-07-12 18:50:31,613 - WARNING - 歌曲ID 1811160811 未找到信息 (尝试 1/5)
2025-07-12 18:50:31,745 - WARNING - 歌曲ID 1805036674 未找到信息 (尝试 1/5)
2025-07-12 18:50:32,727 - WARNING - 歌曲ID 1461306745 未找到信息 (尝试 1/5)
2025-07-12 18:50:32,785 - WARNING - 歌曲ID 1815839233 未找到信息 (尝试 1/5)
2025-07-12 18:50:32,846 - WARNING - 歌曲ID 1817590360 未找到信息 (尝试 1/5)
2025-07-12 18:50:32,973 - WARNING - 歌曲ID 1814836284 未找到信息 (尝试 1/5)
2025-07-12 18:50:33,251 - WARNING - 歌曲ID 1470022205 未找到信息 (尝试 1/5)
2025-07-12 18:50:33,381 - WARNING - 歌曲ID 1482597313 未找到信息 (尝试 1/5)
2025-07-12 18:50:33,953 - WARNING - 歌曲ID 1483104592 未找到信息 (尝试 1/5)
2025-07-12 18:50:34,030 - WARNING - 歌曲ID 1430096278 未找到信息 (尝试 1/5)
2025-07-12 18:50:34,300 - WARNING - 歌曲ID 1466953472 未找到信息 (尝试 1/5)
2025-07-12 18:50:34,978 - WARNING - 歌曲ID 1404849706 未找到信息 (尝试 1/5)
2025-07-12 18:50:35,036 - WARNING - 歌曲ID 1397142514 未找到信息 (尝试 1/5)
2025-07-12 18:50:35,320 - WARNING - 歌曲ID 1392705434 未找到信息 (尝试 1/5)
2025-07-12 18:50:35,631 - WARNING - 歌曲ID 1387003261 未找到信息 (尝试 1/5)
2025-07-12 18:50:35,695 - WARNING - 歌曲ID 1381082571 未找到信息 (尝试 1/5)
2025-07-12 18:50:35,840 - WARNING - 歌曲ID 1383001302 未找到信息 (尝试 1/5)
2025-07-12 18:50:36,219 - WARNING - 歌曲ID 1367115517 未找到信息 (尝试 1/5)
2025-07-12 18:50:36,799 - WARNING - 歌曲ID 1343449796 未找到信息 (尝试 1/5)
2025-07-12 18:50:37,129 - WARNING - 歌曲ID 1323949474 未找到信息 (尝试 1/5)
2025-07-12 18:50:37,290 - WARNING - 歌曲ID 1316979421 未找到信息 (尝试 1/5)
2025-07-12 18:50:37,347 - WARNING - 歌曲ID 1316974652 未找到信息 (尝试 1/5)
2025-07-12 18:50:37,425 - WARNING - 歌曲ID 1313102814 未找到信息 (尝试 1/5)
2025-07-12 18:50:37,518 - WARNING - 歌曲ID 1313102107 未找到信息 (尝试 1/5)
2025-07-12 18:50:37,593 - WARNING - 歌曲ID 1311532726 未找到信息 (尝试 1/5)
2025-07-12 18:50:37,653 - WARNING - 歌曲ID 28028680 未找到信息 (尝试 1/5)
2025-07-12 18:50:37,824 - WARNING - 歌曲ID 2056300414 未找到信息 (尝试 1/5)
2025-07-12 18:50:38,281 - WARNING - 歌曲ID 2086790954 未找到信息 (尝试 1/5)
2025-07-12 18:50:38,411 - WARNING - 歌曲ID 2114092130 未找到信息 (尝试 1/5)
2025-07-12 18:50:38,471 - WARNING - 歌曲ID 2040812187 未找到信息 (尝试 1/5)
2025-07-12 18:50:38,531 - WARNING - 歌曲ID 1958565146 未找到信息 (尝试 1/5)
2025-07-12 18:50:38,591 - WARNING - 歌曲ID 1963883402 未找到信息 (尝试 1/5)
2025-07-12 18:50:38,739 - WARNING - 歌曲ID 2116451123 未找到信息 (尝试 1/5)
2025-07-12 18:50:38,998 - WARNING - 歌曲ID 2680997847 未找到信息 (尝试 1/5)
2025-07-12 18:50:39,057 - WARNING - 歌曲ID 1989013393 未找到信息 (尝试 1/5)
2025-07-12 18:50:39,185 - WARNING - 歌曲ID 28715188 未找到信息 (尝试 1/5)
2025-07-12 18:50:39,441 - WARNING - 歌曲ID 440464564 未找到信息 (尝试 1/5)
2025-07-12 18:50:39,710 - WARNING - 歌曲ID 1863354400 未找到信息 (尝试 1/5)
2025-07-12 18:50:39,874 - WARNING - 歌曲ID 1834390569 未找到信息 (尝试 1/5)
2025-07-12 18:50:40,184 - WARNING - 歌曲ID 2634776267 未找到信息 (尝试 1/5)
2025-07-12 18:50:40,401 - WARNING - 歌曲ID 2098345049 未找到信息 (尝试 1/5)
2025-07-12 18:50:40,590 - WARNING - 歌曲ID 1477421509 未找到信息 (尝试 1/5)
2025-07-12 18:50:42,213 - WARNING - 歌曲ID 1944427783 未找到信息 (尝试 1/5)
2025-07-12 18:50:42,440 - WARNING - 歌曲ID 1911087327 未找到信息 (尝试 1/5)
2025-07-12 18:50:43,045 - WARNING - 歌曲ID 30987236 未找到信息 (尝试 1/5)
2025-07-12 18:50:43,402 - WARNING - 歌曲ID 1462787361 未找到信息 (尝试 1/5)
2025-07-12 18:50:43,565 - WARNING - 歌曲ID 1417983526 未找到信息 (尝试 1/5)
2025-07-12 18:50:43,871 - WARNING - 歌曲ID 469065153 未找到信息 (尝试 1/5)
2025-07-12 18:50:44,461 - WARNING - 歌曲ID 38673507 未找到信息 (尝试 1/5)
2025-07-12 18:50:44,917 - WARNING - 歌曲ID 1419433426 未找到信息 (尝试 1/5)
2025-07-12 18:50:45,047 - WARNING - 歌曲ID 1419912480 未找到信息 (尝试 1/5)
2025-07-12 18:50:45,108 - WARNING - 歌曲ID 36102584 未找到信息 (尝试 1/5)
2025-07-12 18:50:45,237 - WARNING - 歌曲ID 1342726555 未找到信息 (尝试 1/5)
2025-07-12 18:50:45,314 - INFO - 处理完成! 成功获取 699/1000 首歌曲的艺人信息 (69.90%)
2025-07-12 19:02:31,805 - INFO - 开始读取HTML文件: playlist.html
2025-07-12 19:02:31,809 - INFO - 开始解析歌曲信息...
2025-07-12 19:02:31,870 - INFO - 共找到 1000 首歌曲
2025-07-12 19:02:31,870 - INFO - 开始获取艺人信息...
2025-07-12 19:02:43,734 - WARNING - 歌曲ID 412187169 未找到信息 (尝试 1/10)
2025-07-12 19:02:44,897 - WARNING - 歌曲ID 32737758 未找到信息 (尝试 1/10)
2025-07-12 19:02:45,534 - WARNING - 歌曲ID 405597766 未找到信息 (尝试 1/10)
2025-07-12 19:02:45,700 - WARNING - 歌曲ID 38679822 未找到信息 (尝试 1/10)
2025-07-12 19:02:45,882 - WARNING - 歌曲ID 406072148 未找到信息 (尝试 1/10)
2025-07-12 19:02:45,946 - WARNING - 歌曲ID 406730204 未找到信息 (尝试 1/10)
2025-07-12 19:02:46,081 - WARNING - 歌曲ID 405987445 未找到信息 (尝试 1/10)
2025-07-12 19:02:46,137 - WARNING - 歌曲ID 403710452 未找到信息 (尝试 1/10)
2025-07-12 19:02:46,277 - WARNING - 歌曲ID 39227966 未找到信息 (尝试 1/10)
2025-07-12 19:02:46,341 - WARNING - 歌曲ID 36089312 未找到信息 (尝试 1/10)
2025-07-12 19:02:46,807 - WARNING - 歌曲ID 38391780 未找到信息 (尝试 1/10)
2025-07-12 19:02:47,195 - WARNING - 歌曲ID 400689469 未找到信息 (尝试 1/10)
2025-07-12 19:02:47,285 - WARNING - 歌曲ID 31654299 未找到信息 (尝试 1/10)
2025-07-12 19:02:47,449 - WARNING - 歌曲ID 39443390 未找到信息 (尝试 1/10)
2025-07-12 19:02:47,526 - WARNING - 歌曲ID 33166711 未找到信息 (尝试 1/10)
2025-07-12 19:02:47,597 - WARNING - 歌曲ID 36271387 未找到信息 (尝试 1/10)
2025-07-12 19:02:47,699 - WARNING - 歌曲ID 406316215 未找到信息 (尝试 1/10)
2025-07-12 19:02:47,988 - WARNING - 歌曲ID 406346986 未找到信息 (尝试 1/10)
2025-07-12 19:02:48,160 - WARNING - 歌曲ID 28530596 未找到信息 (尝试 1/10)
2025-07-12 19:02:48,809 - WARNING - 歌曲ID 405597912 未找到信息 (尝试 1/10)
2025-07-12 19:02:49,088 - WARNING - 歌曲ID 405599640 未找到信息 (尝试 1/10)
2025-07-12 19:02:49,253 - WARNING - 歌曲ID 405079951 未找到信息 (尝试 1/10)
2025-07-12 19:02:49,347 - WARNING - 歌曲ID 30569017 未找到信息 (尝试 1/10)
2025-07-12 19:02:50,227 - WARNING - 歌曲ID 410518497 未找到信息 (尝试 1/10)
2025-07-12 19:02:50,372 - WARNING - 歌曲ID 1342052837 未找到信息 (尝试 1/10)
2025-07-12 19:02:51,038 - WARNING - 歌曲ID 1418381612 未找到信息 (尝试 1/10)
2025-07-12 19:02:52,066 - WARNING - 歌曲ID 1415736300 未找到信息 (尝试 1/10)
2025-07-12 19:02:52,359 - WARNING - 歌曲ID 1403700764 未找到信息 (尝试 1/10)
2025-07-12 19:02:52,743 - WARNING - 歌曲ID 1401899906 未找到信息 (尝试 1/10)
2025-07-12 19:02:53,108 - WARNING - 歌曲ID 436487803 未找到信息 (尝试 1/10)
2025-07-12 19:02:53,311 - WARNING - 歌曲ID 1336856743 未找到信息 (尝试 1/10)
2025-07-12 19:02:53,378 - WARNING - 歌曲ID 453492007 未找到信息 (尝试 1/10)
2025-07-12 19:02:54,436 - WARNING - 歌曲ID 39224603 未找到信息 (尝试 1/10)
2025-07-12 19:02:54,570 - WARNING - 歌曲ID 33875938 未找到信息 (尝试 1/10)
2025-07-12 19:02:54,705 - WARNING - 歌曲ID 31452306 未找到信息 (尝试 1/10)
2025-07-12 19:02:54,760 - WARNING - 歌曲ID 34723763 未找到信息 (尝试 1/10)
2025-07-12 19:02:54,819 - WARNING - 歌曲ID 36308977 未找到信息 (尝试 1/10)
2025-07-12 19:02:54,892 - WARNING - 歌曲ID 36307911 未找到信息 (尝试 1/10)
2025-07-12 19:02:54,948 - WARNING - 歌曲ID 1309792971 未找到信息 (尝试 1/10)
2025-07-12 19:02:55,374 - WARNING - 歌曲ID 27630190 未找到信息 (尝试 1/10)
2025-07-12 19:02:55,777 - WARNING - 歌曲ID 447281380 未找到信息 (尝试 1/10)
2025-07-12 19:02:56,243 - WARNING - 歌曲ID 401250545 未找到信息 (尝试 1/10)
2025-07-12 19:02:56,469 - WARNING - 歌曲ID 34766655 未找到信息 (尝试 1/10)
2025-07-12 19:02:56,614 - WARNING - 歌曲ID 27525653 未找到信息 (尝试 1/10)
2025-07-12 19:02:56,671 - WARNING - 歌曲ID 27910126 未找到信息 (尝试 1/10)
2025-07-12 19:02:56,976 - WARNING - 歌曲ID 437292343 未找到信息 (尝试 1/10)
2025-07-12 19:02:57,065 - WARNING - 歌曲ID 417250765 未找到信息 (尝试 1/10)
2025-07-12 19:02:57,219 - WARNING - 歌曲ID 399954057 未找到信息 (尝试 1/10)
2025-07-12 19:02:57,276 - WARNING - 歌曲ID 400689434 未找到信息 (尝试 1/10)
2025-07-12 19:02:57,777 - WARNING - 歌曲ID 436346043 未找到信息 (尝试 1/10)
2025-07-12 19:02:58,001 - WARNING - 歌曲ID 486837410 未找到信息 (尝试 1/10)
2025-07-12 19:02:58,086 - WARNING - 歌曲ID 491294467 未找到信息 (尝试 1/10)
2025-07-12 19:02:58,950 - WARNING - 歌曲ID 1460791953 未找到信息 (尝试 1/10)
2025-07-12 19:02:59,016 - WARNING - 歌曲ID 1462537832 未找到信息 (尝试 1/10)
2025-07-12 19:02:59,093 - WARNING - 歌曲ID 1419183726 未找到信息 (尝试 1/10)
2025-07-12 19:02:59,153 - WARNING - 歌曲ID 1462537833 未找到信息 (尝试 1/10)
2025-07-12 19:03:15,772 - WARNING - 歌曲ID 424474730 未找到信息 (尝试 1/10)
2025-07-12 19:03:15,828 - WARNING - 歌曲ID 1388966375 未找到信息 (尝试 1/10)
2025-07-12 19:03:16,539 - WARNING - 歌曲ID 463840837 未找到信息 (尝试 1/10)
2025-07-12 19:03:16,799 - WARNING - 歌曲ID 1409691739 未找到信息 (尝试 1/10)
2025-07-12 19:03:16,937 - WARNING - 歌曲ID 420513580 未找到信息 (尝试 1/10)
2025-07-12 19:03:17,307 - WARNING - 歌曲ID 1397786537 未找到信息 (尝试 1/10)
2025-07-12 19:03:17,453 - WARNING - 歌曲ID 1443109714 未找到信息 (尝试 1/10)
2025-07-12 19:03:17,531 - WARNING - 歌曲ID 1403423879 未找到信息 (尝试 1/10)
2025-07-12 19:03:17,695 - WARNING - 歌曲ID 1439312640 未找到信息 (尝试 1/10)
2025-07-12 19:03:17,754 - WARNING - 歌曲ID 1438389728 未找到信息 (尝试 1/10)
2025-07-12 19:03:17,829 - WARNING - 歌曲ID 1420650860 未找到信息 (尝试 1/10)
2025-07-12 19:03:18,228 - WARNING - 歌曲ID 1433425151 未找到信息 (尝试 1/10)
2025-07-12 19:03:18,475 - WARNING - 歌曲ID 1422226232 未找到信息 (尝试 1/10)
2025-07-12 19:03:18,533 - WARNING - 歌曲ID 1325079834 未找到信息 (尝试 1/10)
2025-07-12 19:03:18,608 - WARNING - 歌曲ID 513360057 未找到信息 (尝试 1/10)
2025-07-12 19:03:18,910 - WARNING - 歌曲ID 30780479 未找到信息 (尝试 1/10)
2025-07-12 19:03:19,038 - WARNING - 歌曲ID 1384492898 未找到信息 (尝试 1/10)
2025-07-12 19:03:19,811 - WARNING - 歌曲ID 1387553828 未找到信息 (尝试 1/10)
2025-07-12 19:03:20,032 - WARNING - 歌曲ID 35345831 未找到信息 (尝试 1/10)
2025-07-12 19:03:20,257 - WARNING - 歌曲ID 1384492897 未找到信息 (尝试 1/10)
2025-07-12 19:03:20,557 - WARNING - 歌曲ID 1357788486 未找到信息 (尝试 1/10)
2025-07-12 19:03:21,006 - WARNING - 歌曲ID 1363534317 未找到信息 (尝试 1/10)
2025-07-12 19:03:21,376 - WARNING - 歌曲ID 417859012 未找到信息 (尝试 1/10)
2025-07-12 19:03:21,506 - WARNING - 歌曲ID 565966094 未找到信息 (尝试 1/10)
2025-07-12 19:03:21,818 - WARNING - 歌曲ID 1336856521 未找到信息 (尝试 1/10)
2025-07-12 19:03:22,140 - WARNING - 歌曲ID 865465616 未找到信息 (尝试 1/10)
2025-07-12 19:03:22,201 - WARNING - 歌曲ID 864099723 未找到信息 (尝试 1/10)
2025-07-12 19:03:22,605 - WARNING - 歌曲ID 550404928 未找到信息 (尝试 1/10)
2025-07-12 19:03:22,664 - WARNING - 歌曲ID 28667025 未找到信息 (尝试 1/10)
2025-07-12 19:03:22,914 - WARNING - 歌曲ID 555950470 未找到信息 (尝试 1/10)
2025-07-12 19:03:22,972 - WARNING - 歌曲ID 520404067 未找到信息 (尝试 1/10)
2025-07-12 19:03:23,169 - WARNING - 歌曲ID 27681423 未找到信息 (尝试 1/10)
2025-07-12 19:03:23,557 - WARNING - 歌曲ID 1496000630 未找到信息 (尝试 1/10)
2025-07-12 19:03:24,314 - WARNING - 歌曲ID 1479472933 未找到信息 (尝试 1/10)
2025-07-12 19:03:24,462 - WARNING - 歌曲ID 1479472931 未找到信息 (尝试 1/10)
2025-07-12 19:03:25,076 - WARNING - 歌曲ID 1488502921 未找到信息 (尝试 1/10)
2025-07-12 19:03:25,839 - WARNING - 歌曲ID 1447715284 未找到信息 (尝试 1/10)
2025-07-12 19:03:25,996 - WARNING - 歌曲ID 1489221115 未找到信息 (尝试 1/10)
2025-07-12 19:03:27,232 - WARNING - 歌曲ID 1438363684 未找到信息 (尝试 1/10)
2025-07-12 19:03:27,522 - WARNING - 歌曲ID 1438363683 未找到信息 (尝试 1/10)
2025-07-12 19:03:28,303 - WARNING - 歌曲ID 1474810916 未找到信息 (尝试 1/10)
2025-07-12 19:03:28,363 - WARNING - 歌曲ID 530986444 未找到信息 (尝试 1/10)
2025-07-12 19:03:28,431 - WARNING - 歌曲ID 1425996983 未找到信息 (尝试 1/10)
2025-07-12 19:03:28,655 - WARNING - 歌曲ID 1384496793 未找到信息 (尝试 1/10)
2025-07-12 19:03:28,743 - WARNING - 歌曲ID 1471857376 未找到信息 (尝试 1/10)
2025-07-12 19:03:28,953 - WARNING - 歌曲ID 1479507344 未找到信息 (尝试 1/10)
2025-07-12 19:03:29,112 - WARNING - 歌曲ID 1475811899 未找到信息 (尝试 1/10)
2025-07-12 19:03:29,183 - WARNING - 歌曲ID 1449790102 未找到信息 (尝试 1/10)
2025-07-12 19:03:29,246 - WARNING - 歌曲ID 1461598411 未找到信息 (尝试 1/10)
2025-07-12 19:03:29,312 - WARNING - 歌曲ID 1387087812 未找到信息 (尝试 1/10)
2025-07-12 19:03:29,369 - WARNING - 歌曲ID 433681859 未找到信息 (尝试 1/10)
2025-07-12 19:03:29,435 - WARNING - 歌曲ID 400690551 未找到信息 (尝试 1/10)
2025-07-12 19:03:29,653 - WARNING - 歌曲ID 1467011320 未找到信息 (尝试 1/10)
2025-07-12 19:03:30,054 - WARNING - 歌曲ID 1369363442 未找到信息 (尝试 1/10)
2025-07-12 19:03:30,843 - WARNING - 歌曲ID 37092498 未找到信息 (尝试 1/10)
2025-07-12 19:03:31,148 - WARNING - 歌曲ID 1327987801 未找到信息 (尝试 1/10)
2025-07-12 19:03:31,655 - WARNING - 歌曲ID 1384277549 未找到信息 (尝试 1/10)
2025-07-12 19:03:31,869 - WARNING - 歌曲ID 1383782173 未找到信息 (尝试 1/10)
2025-07-12 19:03:32,061 - WARNING - 歌曲ID 26362806 未找到信息 (尝试 1/10)
2025-07-12 19:03:32,379 - WARNING - 歌曲ID 31152266 未找到信息 (尝试 1/10)
2025-07-12 19:03:32,463 - WARNING - 歌曲ID 30245131 未找到信息 (尝试 1/10)
2025-07-12 19:03:32,597 - WARNING - 歌曲ID 462516191 未找到信息 (尝试 1/10)
2025-07-12 19:03:32,666 - WARNING - 歌曲ID 1363664893 未找到信息 (尝试 1/10)
2025-07-12 19:03:32,833 - WARNING - 歌曲ID 28094810 未找到信息 (尝试 1/10)
2025-07-12 19:03:32,892 - WARNING - 歌曲ID 29313173 未找到信息 (尝试 1/10)
2025-07-12 19:03:33,149 - WARNING - 歌曲ID 409941805 未找到信息 (尝试 1/10)
2025-07-12 19:03:33,618 - WARNING - 歌曲ID 464647681 未找到信息 (尝试 1/10)
2025-07-12 19:03:33,683 - WARNING - 歌曲ID 469410961 未找到信息 (尝试 1/10)
2025-07-12 19:03:34,442 - WARNING - 歌曲ID 1393314828 未找到信息 (尝试 1/10)
2025-07-12 19:03:34,707 - WARNING - 歌曲ID 1839374921 未找到信息 (尝试 1/10)
2025-07-12 19:03:35,012 - WARNING - 歌曲ID 1823504857 未找到信息 (尝试 1/10)
2025-07-12 19:03:35,242 - WARNING - 歌曲ID 1818961524 未找到信息 (尝试 1/10)
2025-07-12 19:03:35,519 - WARNING - 歌曲ID 1835502137 未找到信息 (尝试 1/10)
2025-07-12 19:03:36,130 - WARNING - 歌曲ID 1835266139 未找到信息 (尝试 1/10)
2025-07-12 19:03:36,185 - WARNING - 歌曲ID 1832030583 未找到信息 (尝试 1/10)
2025-07-12 19:03:36,770 - WARNING - 歌曲ID 1822392632 未找到信息 (尝试 1/10)
2025-07-12 19:03:37,180 - WARNING - 歌曲ID 1819813579 未找到信息 (尝试 1/10)
2025-07-12 19:03:37,338 - WARNING - 歌曲ID 1814260151 未找到信息 (尝试 1/10)
2025-07-12 19:03:37,753 - WARNING - 歌曲ID 1819117303 未找到信息 (尝试 1/10)
2025-07-12 19:03:37,811 - WARNING - 歌曲ID 1444474174 未找到信息 (尝试 1/10)
2025-07-12 19:03:38,092 - WARNING - 歌曲ID 1819858555 未找到信息 (尝试 1/10)
2025-07-12 19:03:38,525 - WARNING - 歌曲ID 1811554461 未找到信息 (尝试 1/10)
2025-07-12 19:03:38,731 - WARNING - 歌曲ID 1814985267 未找到信息 (尝试 1/10)
2025-07-12 19:03:39,326 - WARNING - 歌曲ID 1804490041 未找到信息 (尝试 1/10)
2025-07-12 19:03:39,463 - WARNING - 歌曲ID 1501390337 未找到信息 (尝试 1/10)
2025-07-12 19:03:39,701 - WARNING - 歌曲ID 1494449281 未找到信息 (尝试 1/10)
2025-07-12 19:03:39,869 - WARNING - 歌曲ID 1501908605 未找到信息 (尝试 1/10)
2025-07-12 19:03:39,998 - WARNING - 歌曲ID 1391430297 未找到信息 (尝试 1/10)
2025-07-12 19:03:40,232 - WARNING - 歌曲ID 1815839233 未找到信息 (尝试 1/10)
2025-07-12 19:03:40,759 - WARNING - 歌曲ID 1482614802 未找到信息 (尝试 1/10)
2025-07-12 19:03:40,926 - WARNING - 歌曲ID 1482596195 未找到信息 (尝试 1/10)
2025-07-12 19:03:41,083 - WARNING - 歌曲ID 1470023075 未找到信息 (尝试 1/10)
2025-07-12 19:03:41,141 - WARNING - 歌曲ID 1482597312 未找到信息 (尝试 1/10)
2025-07-12 19:03:41,221 - WARNING - 歌曲ID 1498098747 未找到信息 (尝试 1/10)
2025-07-12 19:03:41,291 - WARNING - 歌曲ID 1804367667 未找到信息 (尝试 1/10)
2025-07-12 19:03:41,594 - WARNING - 歌曲ID 1483104592 未找到信息 (尝试 1/10)
2025-07-12 19:03:41,653 - WARNING - 歌曲ID 1430096278 未找到信息 (尝试 1/10)
2025-07-12 19:03:41,733 - WARNING - 歌曲ID 1482125785 未找到信息 (尝试 1/10)
2025-07-12 19:03:41,797 - WARNING - 歌曲ID 1473757872 未找到信息 (尝试 1/10)
2025-07-12 19:03:42,026 - WARNING - 歌曲ID 1466953472 未找到信息 (尝试 1/10)
2025-07-12 19:03:42,234 - WARNING - 歌曲ID 1420765982 未找到信息 (尝试 1/10)
2025-07-12 19:03:43,006 - WARNING - 歌曲ID 1401456194 未找到信息 (尝试 1/10)
2025-07-12 19:03:43,154 - WARNING - 歌曲ID 1391588144 未找到信息 (尝试 1/10)
2025-07-12 19:03:43,397 - WARNING - 歌曲ID 1394745735 未找到信息 (尝试 1/10)
2025-07-12 19:03:43,459 - WARNING - 歌曲ID 1383736592 未找到信息 (尝试 1/10)
2025-07-12 19:03:43,527 - WARNING - 歌曲ID 1390601273 未找到信息 (尝试 1/10)
2025-07-12 19:03:43,843 - WARNING - 歌曲ID 1370879924 未找到信息 (尝试 1/10)
2025-07-12 19:03:44,016 - WARNING - 歌曲ID 1382271289 未找到信息 (尝试 1/10)
2025-07-12 19:03:44,406 - WARNING - 歌曲ID 1367115517 未找到信息 (尝试 1/10)
2025-07-12 19:03:45,429 - WARNING - 歌曲ID 1343449796 未找到信息 (尝试 1/10)
2025-07-12 19:03:46,059 - WARNING - 歌曲ID 1316979421 未找到信息 (尝试 1/10)
2025-07-12 19:03:46,283 - WARNING - 歌曲ID 1313102107 未找到信息 (尝试 1/10)
2025-07-12 19:03:46,494 - WARNING - 歌曲ID 534542285 未找到信息 (尝试 1/10)
2025-07-12 19:03:46,646 - WARNING - 歌曲ID 2637441863 未找到信息 (尝试 1/10)
2025-07-12 19:03:46,727 - WARNING - 歌曲ID 2042460770 未找到信息 (尝试 1/10)
2025-07-12 19:03:47,109 - WARNING - 歌曲ID 2099896952 未找到信息 (尝试 1/10)
2025-07-12 19:03:47,471 - WARNING - 歌曲ID 1958565146 未找到信息 (尝试 1/10)
2025-07-12 19:03:47,683 - WARNING - 歌曲ID 2116451123 未找到信息 (尝试 1/10)
2025-07-12 19:03:47,892 - WARNING - 歌曲ID 35920537 未找到信息 (尝试 1/10)
2025-07-12 19:03:48,072 - WARNING - 歌曲ID 1989013393 未找到信息 (尝试 1/10)
2025-07-12 19:03:48,222 - WARNING - 歌曲ID 28715188 未找到信息 (尝试 1/10)
2025-07-12 19:03:48,656 - WARNING - 歌曲ID 1405015384 未找到信息 (尝试 1/10)
2025-07-12 19:03:49,235 - WARNING - 歌曲ID 2634776267 未找到信息 (尝试 1/10)
2025-07-12 19:03:49,384 - WARNING - 歌曲ID 2075024209 未找到信息 (尝试 1/10)
2025-07-12 19:03:49,469 - WARNING - 歌曲ID 2098345049 未找到信息 (尝试 1/10)
2025-07-12 19:03:49,802 - WARNING - 歌曲ID 1881732249 未找到信息 (尝试 1/10)
2025-07-12 19:03:49,872 - WARNING - 歌曲ID 1881732248 未找到信息 (尝试 1/10)
2025-07-12 19:03:49,929 - WARNING - 歌曲ID 1397506565 未找到信息 (尝试 1/10)
2025-07-12 19:03:49,989 - WARNING - 歌曲ID 2000879902 未找到信息 (尝试 1/10)
2025-07-12 19:03:50,420 - WARNING - 歌曲ID 1950219472 未找到信息 (尝试 1/10)
2025-07-12 19:03:50,700 - WARNING - 歌曲ID 1983838192 未找到信息 (尝试 1/10)
2025-07-12 19:03:50,771 - WARNING - 歌曲ID 1940059572 未找到信息 (尝试 1/10)
2025-07-12 19:03:50,841 - WARNING - 歌曲ID 2083296092 未找到信息 (尝试 1/10)
2025-07-12 19:03:51,053 - WARNING - 歌曲ID 2004547184 未找到信息 (尝试 1/10)
2025-07-12 19:03:51,135 - WARNING - 歌曲ID 1944427783 未找到信息 (尝试 1/10)
2025-07-12 19:03:51,695 - WARNING - 歌曲ID 2086217789 未找到信息 (尝试 1/10)
2025-07-12 19:03:52,193 - WARNING - 歌曲ID 508917233 未找到信息 (尝试 1/10)
2025-07-12 19:03:52,333 - WARNING - 歌曲ID 29486945 未找到信息 (尝试 1/10)
2025-07-12 19:03:52,411 - WARNING - 歌曲ID 1417983526 未找到信息 (尝试 1/10)
2025-07-12 19:03:52,535 - WARNING - 歌曲ID 1390031591 未找到信息 (尝试 1/10)
2025-07-12 19:03:52,593 - WARNING - 歌曲ID 536570613 未找到信息 (尝试 1/10)
2025-07-12 19:03:52,651 - WARNING - 歌曲ID 469065153 未找到信息 (尝试 1/10)
2025-07-12 19:03:52,957 - WARNING - 歌曲ID 1442681212 未找到信息 (尝试 1/10)
2025-07-12 19:03:53,169 - WARNING - 歌曲ID 557581207 未找到信息 (尝试 1/10)
2025-07-12 19:03:53,261 - WARNING - 歌曲ID 38673507 未找到信息 (尝试 1/10)
2025-07-12 19:03:53,411 - WARNING - 歌曲ID 528270664 未找到信息 (尝试 1/10)
2025-07-12 19:03:53,714 - WARNING - 歌曲ID 1413377035 未找到信息 (尝试 1/10)
2025-07-12 19:03:54,188 - WARNING - 歌曲ID 1342726555 未找到信息 (尝试 1/10)
2025-07-12 19:03:54,255 - INFO - 处理完成! 成功获取 796/1000 首歌曲的艺人信息 (79.60%)
